[12:04:20] Cannot find a flags file
[12:04:20] Loading qm files
[12:04:21] System language is English
[12:04:21] material searching atC:\ProgramData\Autodesk\CFD 2021
[12:04:22] Completed pre-event loop tasks in 1.633 sec
[12:04:22] Start processing tasks
[12:04:22] Starting task: Clt::InitializationTasks::initializeMainWindowUI
[12:04:22] Creating main view...
[12:04:23] Creating actions...
[12:04:23] Creating quick widgets...
[12:04:23] Creating panel...
[12:04:23] Creating status bar...
[12:04:23] Creating tool bar...
[12:04:23] Initializing menu...
[12:04:23] Task finished in 1.34 sec
[12:04:23] Starting task: Clt::InitializationTasks::initializeApplicationFrame
[12:04:24] Task finished in 0.80 sec
[12:04:24] Starting task: Clt::InitializationTasks::initializeWebServices
[12:04:27] Task finished in 2.64 sec
[12:04:27] Starting task: Clt::InitializationTasks::initializeAirLook
[12:04:29] Task finished in 1.56 sec
[12:04:29] Starting task: Clt::InitializationTasks::initializeServerGroup
[12:04:29] Task finished in 0.00 sec
[12:04:29] Starting task: Clt::InitializationTasks::initializeHelpManager
[12:04:29] Task finished in 0.00 sec
[12:04:29] Starting task: Clt::InitializationTasks::setMainWindowUIState
[12:04:29] Task finished in 0.23 sec
[12:04:29] Starting task: Clt::InitializationTasks::assignShortcuts
[12:04:29] Task finished in 0.00 sec
[12:04:29] Starting task: Clt::InitializationTasks::initializeScriptJobEvents
[12:04:29] Task finished in 0.00 sec
[12:04:29] Starting task: Clt::InitializationTasks::initializeGAT
[12:04:29] Task finished in 0.00 sec
[12:04:29] Starting task: Clt::InitializationTasks::createGeoMeshMessageHandler
[12:04:29] Task finished in 0.01 sec
[12:04:29] Starting task: Clt::InitializationTasks::initializeLicensing
[12:04:29] Creating license manager...
[12:04:29] Initializing license manager...
[12:04:29] Listen for lost license signal...
[12:04:29] Task finished in 0.00 sec
[12:04:29] Starting task: Checkout CFD UI
[12:04:29] Authorizing CFD UI...
[12:04:32] Success
[12:04:32] Task finished in 3.00 sec
[12:04:32] Starting task: Clt::InitializationTasks::checkForLicensingError
[12:04:32] Set CFD Advanced license to User
[12:04:32] Set CFD Motion license to User
[12:04:32] Task finished in 0.17 sec
[12:04:32] Starting task: Clt::InitializationTasks::showMainWindow
[12:04:32] Loading layout...
[12:04:33] Task finished in 0.80 sec
[12:04:33] Starting task: Clt::InitializationTasks::hideSplashScreen
[12:04:33] Task finished in 0.00 sec
[12:04:33] Starting task: Clt::InitializationTasks::initializeCustomResults
[12:04:33] Task finished in 0.00 sec
[12:04:33] Starting task: Clt::InitializationTasks::handleExternalLaunchFromCAD
[12:04:33] Task finished in 0.00 sec
[12:04:33] Starting task: Clt::InitializationTasks::initializePythonHooks
[12:04:33] Loading CFD resource file...
[12:04:34] Task finished in 1.22 sec
[12:04:34] Starting task: Clt::InitializationTasks::runScript
[12:04:34] Task finished in 0.00 sec
[12:04:34] Finished processing tasks in 12.41 sec
[12:06:11] ### Critical: E:\CI\Jenkins\master\Projects\Client\source\clt_preproperty.cpp 1505
All properties are constant, so the Environment dialog is not available
[12:08:10] Analysis::writeGBIFile = 0.001 sec
[12:08:10] Login expiration: Wed Jan 13 12:04:26 2021
[12:08:10] Token expiration: Fri Jan 1 12:04:26 2021
[12:08:10] Analysis::exportJobFiles = 0.007 sec
[12:08:10] Waterturbine/Design 1/Scenario 1 job started at Wed Dec 30 12:08:10 2020 on C940
[12:08:11] Waterturbine/Design 1/Scenario 1 mesher started at Wed Dec 30 12:08:10 2020 on C940
[12:08:12] Waterturbine/Design 1/Scenario 1 mesher finished at Wed Dec 30 12:08:12 2020 on C940 with code = 0
[12:08:12] Analysis::importMesherFiles = 0.001 sec
[12:08:12] CADModel::loadGeometryDatabase = 0.045 sec
[12:08:12] Mesher finished copying files
[12:08:12] Waterturbine/Design 1/Scenario 1 solver started at Wed Dec 30 12:08:12 2020 on C940
[12:08:14] getJobUpdate start
[12:08:14] VizDataInterface::getBoundaryFEData = 0.012 sec
[12:08:14] VizDataInterface::setupWallOutlineData = 0.001 sec
[12:08:14] VizDataInterface::getBoundaryFEData = 0.015 sec
[12:08:14] VizDataInterface::setupWallOutlineData = 0.002 sec
[12:08:14] getJobUpdate finished
[12:08:15] Waterturbine/Design 1/Scenario 1 solver finished at Wed Dec 30 12:08:15 2020 on C940 with code = 0
[12:08:15] Analysis::importSolverFiles = 0.005 sec
[12:08:15] VizDataInterface::getBoundaryFEData = 0.009 sec
[12:08:15] VizDataInterface::setupWallOutlineData = 0.002 sec
[12:08:15] Waterturbine/Design 1/Scenario 1 job finished at Wed Dec 30 12:08:15 2020 on C940
[12:13:16] Analysis::writeGBIFile = 0.029 sec
[12:13:16] Login expiration: Wed Jan 13 12:04:26 2021
[12:13:16] Token expiration: Fri Jan 1 12:04:26 2021
[12:13:16] Analysis::exportJobFiles = 0.03 sec
[12:13:16] Waterturbine/Design 1/Scenario 1 job started at Wed Dec 30 12:13:16 2020 on C940
[12:13:17] Waterturbine/Design 1/Scenario 1 solver started at Wed Dec 30 12:13:16 2020 on C940
[12:13:18] getJobUpdate start
[12:13:19] CADModel::loadGeometryDatabase = 0.046 sec
[12:13:19] VizDataInterface::getBoundaryFEData = 0.014 sec
[12:13:19] VizDataInterface::setupWallOutlineData = 0.002 sec
[12:13:19] getJobUpdate finished
[12:13:20] Waterturbine/Design 1/Scenario 1 solver finished at Wed Dec 30 12:13:20 2020 on C940 with code = 0
[12:13:20] Analysis::importSolverFiles = 0.004 sec
[12:13:20] VizDataInterface::getBoundaryFEData = 0.01 sec
[12:13:20] VizDataInterface::setupWallOutlineData = 0.002 sec
[12:13:20] Waterturbine/Design 1/Scenario 1 job finished at Wed Dec 30 12:13:20 2020 on C940
[12:13:53] Login expiration: Wed Jan 13 12:04:26 2021
[12:13:53] Token expiration: Fri Jan 1 12:04:26 2021
[12:13:53] Analysis::exportJobFiles = 0.025 sec
[12:13:54] Waterturbine/Design 1/Scenario 1 job started at Wed Dec 30 12:13:54 2020 on C940
[12:13:54] Waterturbine/Design 1/Scenario 1 solver started at Wed Dec 30 12:13:54 2020 on C940
[12:13:56] getJobUpdate start
[12:13:56] VizDataInterface::getBoundaryFEData = 0.013 sec
[12:13:56] VizDataInterface::setupWallOutlineData = 0.003 sec
[12:13:56] getJobUpdate finished
[12:13:56] getJobUpdate start
[12:13:56] getJobUpdate finished
[12:13:56] getJobUpdate start
[12:13:56] getJobUpdate finished
[12:13:57] Waterturbine/Design 1/Scenario 1 solver finished at Wed Dec 30 12:13:57 2020 on C940 with code = 0
[12:13:57] Analysis::importSolverFiles = 0.004 sec
[12:13:57] VizDataInterface::getBoundaryFEData = 0.013 sec
[12:13:57] VizDataInterface::setupWallOutlineData = 0.001 sec
[12:13:57] Waterturbine/Design 1/Scenario 1 job finished at Wed Dec 30 12:13:57 2020 on C940
[12:28:44] Analysis::writeGBIFile = 0 sec
[12:28:44] Login expiration: Wed Jan 13 12:04:26 2021
[12:28:44] Token expiration: Fri Jan 1 12:04:26 2021
[12:28:44] Analysis::exportJobFiles = 0.01 sec
[12:28:45] setup/Design 1/Scenario 1 job started at Wed Dec 30 12:28:45 2020 on C940
[12:28:45] setup/Design 1/Scenario 1 mesher started at Wed Dec 30 12:28:45 2020 on C940
[12:28:49] setup/Design 1/Scenario 1 mesher finished at Wed Dec 30 12:28:49 2020 on C940 with code = 0
[12:28:49] Analysis::importMesherFiles = 0.005 sec
[12:28:49] CADModel::loadGeometryDatabase = 0.161 sec
[12:28:49] Mesher finished copying files
[12:28:50] setup/Design 1/Scenario 1 solver started at Wed Dec 30 12:28:50 2020 on C940
[12:28:52] getJobUpdate start
[12:28:52] VizDataInterface::getBoundaryFEData = 0.025 sec
[12:28:52] VizDataInterface::setupWallOutlineData = 0.003 sec
[12:28:52] VizDataInterface::getBoundaryFEData = 0.027 sec
[12:28:52] VizDataInterface::setupWallOutlineData = 0.002 sec
[12:28:52] getJobUpdate finished
[12:28:53] Could not find message key: (solver, AnalyzeC, Turbulent Incompressible Flow is ON)
[12:28:53] Could not find message key: (solver, AnalyzeC, Turbulence model: Standard k-epsilon)
[12:28:53] Could not find message key: (solver, AnalyzeC, Intelligent Wall Formulation: OFF)
[12:28:53] getJobUpdate start
[12:28:53] getJobUpdate finished
[12:28:53] getJobUpdate start
[12:28:53] getJobUpdate finished
[12:28:54] getJobUpdate start
[12:28:54] getJobUpdate finished
[12:28:54] getJobUpdate start
[12:28:54] getJobUpdate finished
[12:28:54] getJobUpdate start
[12:28:54] getJobUpdate finished
[12:28:55] getJobUpdate start
[12:28:55] getJobUpdate finished
[12:28:55] getJobUpdate start
[12:28:55] getJobUpdate finished
[12:28:55] getJobUpdate start
[12:28:55] getJobUpdate finished
[12:28:56] getJobUpdate start
[12:28:56] getJobUpdate finished
[12:28:56] getJobUpdate start
[12:28:56] getJobUpdate finished
[12:28:57] getJobUpdate start
[12:28:57] getJobUpdate finished
[12:28:57] getJobUpdate start
[12:28:57] getJobUpdate finished
[12:28:58] getJobUpdate start
[12:28:58] getJobUpdate finished
[12:28:58] getJobUpdate start
[12:28:58] getJobUpdate finished
[12:28:58] getJobUpdate start
[12:28:58] getJobUpdate finished
[12:28:59] getJobUpdate start
[12:28:59] getJobUpdate finished
[12:28:59] getJobUpdate start
[12:29:00] getJobUpdate finished
[12:29:00] getJobUpdate start
[12:29:00] getJobUpdate finished
[12:29:00] getJobUpdate start
[12:29:00] getJobUpdate finished
[12:29:01] getJobUpdate start
[12:29:01] getJobUpdate finished
[12:29:01] getJobUpdate start
[12:29:01] getJobUpdate finished
[12:29:02] getJobUpdate start
[12:29:02] getJobUpdate finished
[12:29:02] getJobUpdate start
[12:29:02] getJobUpdate finished
[12:29:03] getJobUpdate start
[12:29:03] getJobUpdate finished
[12:29:03] getJobUpdate start
[12:29:03] getJobUpdate finished
[12:29:04] getJobUpdate start
[12:29:04] getJobUpdate finished
[12:29:04] getJobUpdate start
[12:29:04] getJobUpdate finished
[12:29:05] getJobUpdate start
[12:29:05] getJobUpdate finished
[12:29:05] getJobUpdate start
[12:29:05] getJobUpdate finished
[12:29:06] getJobUpdate start
[12:29:06] getJobUpdate finished
[12:29:06] getJobUpdate start
[12:29:06] getJobUpdate finished
[12:29:07] getJobUpdate start
[12:29:07] getJobUpdate finished
[12:29:07] getJobUpdate start
[12:29:07] getJobUpdate finished
[12:29:08] getJobUpdate start
[12:29:08] getJobUpdate finished
[12:29:08] getJobUpdate start
[12:29:08] getJobUpdate finished
[12:29:09] getJobUpdate start
[12:29:09] getJobUpdate finished
[12:29:09] getJobUpdate start
[12:29:09] getJobUpdate finished
[12:29:10] getJobUpdate start
[12:29:10] getJobUpdate finished
[12:29:10] getJobUpdate start
[12:29:10] getJobUpdate finished
[12:29:11] getJobUpdate start
[12:29:11] getJobUpdate finished
[12:29:11] getJobUpdate start
[12:29:11] getJobUpdate finished
[12:29:12] getJobUpdate start
[12:29:12] getJobUpdate finished
[12:29:12] getJobUpdate start
[12:29:12] getJobUpdate finished
[12:29:13] getJobUpdate start
[12:29:13] getJobUpdate finished
[12:29:13] getJobUpdate start
[12:29:13] getJobUpdate finished
[12:29:14] getJobUpdate start
[12:29:14] getJobUpdate finished
[12:29:14] getJobUpdate start
[12:29:14] getJobUpdate finished
[12:29:15] getJobUpdate start
[12:29:15] getJobUpdate finished
[12:29:15] getJobUpdate start
[12:29:15] getJobUpdate finished
[12:29:16] getJobUpdate start
[12:29:16] getJobUpdate finished
[12:29:16] getJobUpdate start
[12:29:16] getJobUpdate finished
[12:29:17] getJobUpdate start
[12:29:17] getJobUpdate finished
[12:29:17] getJobUpdate start
[12:29:17] getJobUpdate finished
[12:29:18] getJobUpdate start
[12:29:18] getJobUpdate finished
[12:29:18] getJobUpdate start
[12:29:19] getJobUpdate finished
[12:29:19] getJobUpdate start
[12:29:19] getJobUpdate finished
[12:29:20] getJobUpdate start
[12:29:20] getJobUpdate finished
[12:29:20] getJobUpdate start
[12:29:20] getJobUpdate finished
[12:29:21] getJobUpdate start
[12:29:21] getJobUpdate finished
[12:29:21] getJobUpdate start
[12:29:21] getJobUpdate finished
[12:29:22] getJobUpdate start
[12:29:22] getJobUpdate finished
[12:29:22] getJobUpdate start
[12:29:22] getJobUpdate finished
[12:29:23] getJobUpdate start
[12:29:23] getJobUpdate finished
[12:29:23] getJobUpdate start
[12:29:23] getJobUpdate finished
[12:29:24] getJobUpdate start
[12:29:24] getJobUpdate finished
[12:29:24] getJobUpdate start
[12:29:24] getJobUpdate finished
[12:29:25] getJobUpdate start
[12:29:25] getJobUpdate finished
[12:29:25] getJobUpdate start
[12:29:25] getJobUpdate finished
[12:29:26] getJobUpdate start
[12:29:26] getJobUpdate finished
[12:29:27] getJobUpdate start
[12:29:27] getJobUpdate finished
[12:29:27] getJobUpdate start
[12:29:27] getJobUpdate finished
[12:29:28] getJobUpdate start
[12:29:28] getJobUpdate finished
[12:29:28] getJobUpdate start
[12:29:28] getJobUpdate finished
[12:29:29] getJobUpdate start
[12:29:29] getJobUpdate finished
[12:29:29] getJobUpdate start
[12:29:29] getJobUpdate finished
[12:29:30] getJobUpdate start
[12:29:30] getJobUpdate finished
[12:29:30] getJobUpdate start
[12:29:30] getJobUpdate finished
[12:29:31] getJobUpdate start
[12:29:31] getJobUpdate finished
[12:29:31] getJobUpdate start
[12:29:31] getJobUpdate finished
[12:29:32] getJobUpdate start
[12:29:32] getJobUpdate finished
[12:29:32] getJobUpdate start
[12:29:32] getJobUpdate finished
[12:29:33] getJobUpdate start
[12:29:33] getJobUpdate finished
[12:29:33] getJobUpdate start
[12:29:33] getJobUpdate finished
[12:29:34] getJobUpdate start
[12:29:34] getJobUpdate finished
[12:29:35] getJobUpdate start
[12:29:35] getJobUpdate finished
[12:29:35] getJobUpdate start
[12:29:35] getJobUpdate finished
[12:29:36] getJobUpdate start
[12:29:36] getJobUpdate finished
[12:29:36] getJobUpdate start
[12:29:36] getJobUpdate finished
[12:29:37] getJobUpdate start
[12:29:37] getJobUpdate finished
[12:29:37] getJobUpdate start
[12:29:37] getJobUpdate finished
[12:29:38] getJobUpdate start
[12:29:38] getJobUpdate finished
[12:29:38] getJobUpdate start
[12:29:38] getJobUpdate finished
[12:29:39] getJobUpdate start
[12:29:39] getJobUpdate finished
[12:29:39] getJobUpdate start
[12:29:40] getJobUpdate finished
[12:29:40] getJobUpdate start
[12:29:40] getJobUpdate finished
[12:29:41] getJobUpdate start
[12:29:41] getJobUpdate finished
[12:29:41] getJobUpdate start
[12:29:41] getJobUpdate finished
[12:29:42] getJobUpdate start
[12:29:42] getJobUpdate finished
[12:29:42] getJobUpdate start
[12:29:42] getJobUpdate finished
[12:29:43] getJobUpdate start
[12:29:43] getJobUpdate finished
[12:29:44] setup/Design 1/Scenario 1 solver finished at Wed Dec 30 12:29:44 2020 on C940 with code = 0
[12:29:44] Analysis::importSolverFiles = 0.021 sec
[12:29:44] VizDataInterface::getBoundaryFEData = 0.024 sec
[12:29:44] VizDataInterface::setupWallOutlineData = 0.002 sec
[12:29:44] setup/Design 1/Scenario 1 job finished at Wed Dec 30 12:29:44 2020 on C940
[12:43:16] Login expiration: Wed Jan 13 12:04:26 2021
[12:43:16] Token expiration: Fri Jan 1 12:04:26 2021
[12:43:16] Analysis::exportJobFiles = 0.043 sec
[12:43:17] setup/Design 1/Scenario 1 job started at Wed Dec 30 12:43:17 2020 on C940
[12:43:17] setup/Design 1/Scenario 1 solver started at Wed Dec 30 12:43:17 2020 on C940
[12:43:20] getJobUpdate start
[12:43:20] VizDataInterface::getBoundaryFEData = 0.03 sec
[12:43:20] VizDataInterface::setupWallOutlineData = 0.004 sec
[12:43:20] getJobUpdate finished
[12:43:20] Could not find message key: (solver, AnalyzeC, Turbulent Incompressible Flow is ON)
[12:43:20] Could not find message key: (solver, AnalyzeC, Turbulence model: Standard k-epsilon)
[12:43:20] Could not find message key: (solver, AnalyzeC, Intelligent Wall Formulation: OFF)
[12:43:20] getJobUpdate start
[12:43:20] getJobUpdate finished
[12:43:20] getJobUpdate start
[12:43:20] getJobUpdate finished
[12:43:21] getJobUpdate start
[12:43:21] getJobUpdate finished
[12:43:21] getJobUpdate start
[12:43:21] getJobUpdate finished
[12:43:22] getJobUpdate start
[12:43:22] getJobUpdate finished
[12:43:22] getJobUpdate start
[12:43:22] getJobUpdate finished
[12:43:23] getJobUpdate start
[12:43:23] getJobUpdate finished
[12:43:23] getJobUpdate start
[12:43:23] getJobUpdate finished
[12:43:23] getJobUpdate start
[12:43:24] getJobUpdate finished
[12:43:24] getJobUpdate start
[12:43:24] getJobUpdate finished
[12:43:25] setup/Design 1/Scenario 1 solver finished at Wed Dec 30 12:43:25 2020 on C940 with code = 0
[12:43:25] Analysis::importSolverFiles = 0.016 sec
[12:43:25] VizDataInterface::getBoundaryFEData = 0.024 sec
[12:43:25] VizDataInterface::setupWallOutlineData = 0.002 sec
[12:43:25] setup/Design 1/Scenario 1 job finished at Wed Dec 30 12:43:25 2020 on C940
[12:43:40] Login expiration: Wed Jan 13 12:04:26 2021
[12:43:40] Token expiration: Fri Jan 1 12:04:26 2021
[12:43:40] Analysis::exportJobFiles = 0.043 sec
[12:43:40] setup/Design 1/Scenario 1 job started at Wed Dec 30 12:43:40 2020 on C940
[12:43:40] setup/Design 1/Scenario 1 solver started at Wed Dec 30 12:43:40 2020 on C940
[12:43:42] getJobUpdate start
[12:43:42] VizDataInterface::getBoundaryFEData = 0.023 sec
[12:43:42] VizDataInterface::setupWallOutlineData = 0.003 sec
[12:43:42] getJobUpdate finished
[12:43:42] Could not find message key: (solver, AnalyzeC, Turbulent Incompressible Flow is ON)
[12:43:42] Could not find message key: (solver, AnalyzeC, Turbulence model: Standard k-epsilon)
[12:43:42] Could not find message key: (solver, AnalyzeC, Intelligent Wall Formulation: OFF)
[12:43:43] getJobUpdate start
[12:43:43] getJobUpdate finished
[12:43:43] getJobUpdate start
[12:43:43] getJobUpdate finished
[12:43:44] getJobUpdate start
[12:43:44] getJobUpdate finished
[12:43:44] getJobUpdate start
[12:43:44] getJobUpdate finished
[12:43:45] getJobUpdate start
[12:43:45] getJobUpdate finished
[12:43:45] getJobUpdate start
[12:43:45] getJobUpdate finished
[12:43:46] getJobUpdate start
[12:43:46] getJobUpdate finished
[12:43:46] getJobUpdate start
[12:43:46] getJobUpdate finished
[12:43:46] getJobUpdate start
[12:43:46] getJobUpdate finished
[12:43:47] getJobUpdate start
[12:43:47] getJobUpdate finished
[12:43:47] getJobUpdate start
[12:43:47] getJobUpdate finished
[12:43:48] getJobUpdate start
[12:43:48] getJobUpdate finished
[12:43:48] getJobUpdate start
[12:43:48] getJobUpdate finished
[12:43:49] getJobUpdate start
[12:43:49] getJobUpdate finished
[12:43:49] getJobUpdate start
[12:43:49] getJobUpdate finished
[12:43:50] getJobUpdate start
[12:43:50] getJobUpdate finished
[12:43:50] getJobUpdate start
[12:43:50] getJobUpdate finished
[12:43:51] getJobUpdate start
[12:43:51] getJobUpdate finished
[12:43:51] getJobUpdate start
[12:43:51] getJobUpdate finished
[12:43:52] getJobUpdate start
[12:43:52] getJobUpdate finished
[12:43:52] getJobUpdate start
[12:43:52] getJobUpdate finished
[12:43:53] getJobUpdate start
[12:43:53] getJobUpdate finished
[12:43:53] getJobUpdate start
[12:43:53] getJobUpdate finished
[12:43:54] getJobUpdate start
[12:43:54] getJobUpdate finished
[12:43:54] getJobUpdate start
[12:43:54] getJobUpdate finished
[12:43:55] getJobUpdate start
[12:43:55] getJobUpdate finished
[12:43:55] getJobUpdate start
[12:43:55] getJobUpdate finished
[12:43:56] getJobUpdate start
[12:43:56] getJobUpdate finished
[12:43:56] getJobUpdate start
[12:43:56] getJobUpdate finished
[12:43:57] getJobUpdate start
[12:43:57] getJobUpdate finished
[12:43:57] getJobUpdate start
[12:43:57] getJobUpdate finished
[12:43:58] getJobUpdate start
[12:43:58] getJobUpdate finished
[12:43:58] getJobUpdate start
[12:43:58] getJobUpdate finished
[12:43:58] getJobUpdate start
[12:43:59] getJobUpdate finished
[12:43:59] getJobUpdate start
[12:43:59] getJobUpdate finished
[12:43:59] getJobUpdate start
[12:44:00] getJobUpdate finished
[12:44:00] getJobUpdate start
[12:44:00] getJobUpdate finished
[12:44:01] getJobUpdate start
[12:44:01] getJobUpdate finished
[12:44:01] getJobUpdate start
[12:44:01] getJobUpdate finished
[12:44:02] getJobUpdate start
[12:44:02] getJobUpdate finished
[12:44:02] getJobUpdate start
[12:44:02] getJobUpdate finished
[12:44:03] getJobUpdate start
[12:44:03] getJobUpdate finished
[12:44:03] getJobUpdate start
[12:44:03] getJobUpdate finished
[12:44:04] getJobUpdate start
[12:44:04] getJobUpdate finished
[12:44:04] getJobUpdate start
[12:44:04] getJobUpdate finished
[12:44:05] getJobUpdate start
[12:44:05] getJobUpdate finished
[12:44:05] getJobUpdate start
[12:44:05] getJobUpdate finished
[12:44:06] getJobUpdate start
[12:44:06] getJobUpdate finished
[12:44:06] getJobUpdate start
[12:44:06] getJobUpdate finished
[12:44:07] getJobUpdate start
[12:44:07] getJobUpdate finished
[12:44:08] setup/Design 1/Scenario 1 solver finished at Wed Dec 30 12:44:08 2020 on C940 with code = 0
[12:44:08] Analysis::importSolverFiles = 0.018 sec
[12:44:08] VizDataInterface::getBoundaryFEData = 0.023 sec
[12:44:08] VizDataInterface::setupWallOutlineData = 0.002 sec
[12:44:08] setup/Design 1/Scenario 1 job finished at Wed Dec 30 12:44:08 2020 on C940
[12:45:21] Analysis::writeGBIFile = 0.122 sec
[12:45:21] Login expiration: Wed Jan 13 12:04:26 2021
[12:45:21] Token expiration: Fri Jan 1 12:04:26 2021
[12:45:22] Analysis::exportJobFiles = 0.044 sec
[12:45:22] setup/Design 1/Scenario 1 job started at Wed Dec 30 12:45:22 2020 on C940
[12:45:22] setup/Design 1/Scenario 1 solver started at Wed Dec 30 12:45:22 2020 on C940
[12:45:24] getJobUpdate start
[12:45:24] CADModel::loadGeometryDatabase = 0.109 sec
[12:45:25] VizDataInterface::getBoundaryFEData = 0.028 sec
[12:45:25] VizDataInterface::setupWallOutlineData = 0.004 sec
[12:45:25] getJobUpdate finished
[12:45:25] Could not find message key: (solver, AnalyzeC, Turbulent Incompressible Flow is ON)
[12:45:25] Could not find message key: (solver, AnalyzeC, Turbulence model: Standard k-epsilon)
[12:45:25] Could not find message key: (solver, AnalyzeC, Intelligent Wall Formulation: OFF)
[12:45:25] getJobUpdate start
[12:45:25] getJobUpdate finished
[12:45:26] getJobUpdate start
[12:45:26] getJobUpdate finished
[12:45:26] getJobUpdate start
[12:45:26] getJobUpdate finished
[12:45:27] getJobUpdate start
[12:45:27] getJobUpdate finished
[12:45:27] getJobUpdate start
[12:45:27] getJobUpdate finished
[12:45:28] getJobUpdate start
[12:45:28] getJobUpdate finished
[12:45:28] getJobUpdate start
[12:45:28] getJobUpdate finished
[12:45:28] getJobUpdate start
[12:45:28] getJobUpdate finished
[12:45:29] getJobUpdate start
[12:45:29] getJobUpdate finished
[12:45:29] getJobUpdate start
[12:45:29] getJobUpdate finished
[12:45:30] getJobUpdate start
[12:45:30] getJobUpdate finished
[12:45:30] getJobUpdate start
[12:45:30] getJobUpdate finished
[12:45:31] getJobUpdate start
[12:45:31] getJobUpdate finished
[12:45:31] getJobUpdate start
[12:45:31] getJobUpdate finished
[12:45:32] getJobUpdate start
[12:45:32] getJobUpdate finished
[12:45:32] getJobUpdate start
[12:45:32] getJobUpdate finished
[12:45:33] getJobUpdate start
[12:45:33] getJobUpdate finished
[12:45:33] getJobUpdate start
[12:45:33] getJobUpdate finished
[12:45:34] getJobUpdate start
[12:45:34] getJobUpdate finished
[12:45:34] getJobUpdate start
[12:45:34] getJobUpdate finished
[12:45:35] getJobUpdate start
[12:45:35] getJobUpdate finished
[12:45:35] getJobUpdate start
[12:45:35] getJobUpdate finished
[12:45:36] getJobUpdate start
[12:45:36] getJobUpdate finished
[12:45:36] getJobUpdate start
[12:45:36] getJobUpdate finished
[12:45:37] getJobUpdate start
[12:45:37] getJobUpdate finished
[12:45:37] getJobUpdate start
[12:45:37] getJobUpdate finished
[12:45:38] getJobUpdate start
[12:45:38] getJobUpdate finished
[12:45:38] getJobUpdate start
[12:45:38] getJobUpdate finished
[12:45:39] getJobUpdate start
[12:45:39] getJobUpdate finished
[12:45:39] getJobUpdate start
[12:45:39] getJobUpdate finished
[12:45:40] getJobUpdate start
[12:45:40] getJobUpdate finished
[12:45:40] getJobUpdate start
[12:45:40] getJobUpdate finished
[12:45:42] setup/Design 1/Scenario 1 solver finished at Wed Dec 30 12:45:42 2020 on C940 with code = 0
[12:45:42] Analysis::importSolverFiles = 0.016 sec
[12:45:42] VizDataInterface::getBoundaryFEData = 0.022 sec
[12:45:42] VizDataInterface::setupWallOutlineData = 0.003 sec
[12:45:42] setup/Design 1/Scenario 1 job finished at Wed Dec 30 12:45:42 2020 on C940
[12:46:13] Analysis::writeGBIFile = 0.122 sec
[12:46:13] Login expiration: Wed Jan 13 12:04:26 2021
[12:46:13] Token expiration: Fri Jan 1 12:04:26 2021
[12:46:14] Analysis::exportJobFiles = 0.009 sec
[12:46:14] setup/Design 1/Scenario 1 job started at Wed Dec 30 12:46:14 2020 on C940
[12:46:14] setup/Design 1/Scenario 1 solver started at Wed Dec 30 12:46:14 2020 on C940
[12:46:17] getJobUpdate start
[12:46:17] CADModel::loadGeometryDatabase = 0.103 sec
[12:46:17] VizDataInterface::getBoundaryFEData = 0.025 sec
[12:46:17] VizDataInterface::setupWallOutlineData = 0.003 sec
[12:46:17] getJobUpdate finished
[12:46:17] Could not find message key: (solver, AnalyzeC, Turbulent Incompressible Flow is ON)
[12:46:17] Could not find message key: (solver, AnalyzeC, Turbulence model: Standard k-epsilon)
[12:46:17] Could not find message key: (solver, AnalyzeC, Intelligent Wall Formulation: OFF)
[12:46:17] getJobUpdate start
[12:46:17] getJobUpdate finished
[12:46:18] getJobUpdate start
[12:46:18] getJobUpdate finished
[12:46:18] getJobUpdate start
[12:46:18] getJobUpdate finished
[12:46:18] getJobUpdate start
[12:46:18] getJobUpdate finished
[12:46:19] getJobUpdate start
[12:46:19] getJobUpdate finished
[12:46:19] getJobUpdate start
[12:46:19] getJobUpdate finished
[12:46:19] getJobUpdate start
[12:46:19] getJobUpdate finished
[12:46:20] getJobUpdate start
[12:46:20] getJobUpdate finished
[12:46:20] getJobUpdate start
[12:46:20] getJobUpdate finished
[12:46:20] getJobUpdate start
[12:46:20] getJobUpdate finished
[12:46:21] getJobUpdate start
[12:46:21] getJobUpdate finished
[12:46:21] getJobUpdate start
[12:46:21] getJobUpdate finished
[12:46:22] getJobUpdate start
[12:46:22] getJobUpdate finished
[12:46:22] getJobUpdate start
[12:46:22] getJobUpdate finished
[12:46:23] getJobUpdate start
[12:46:23] getJobUpdate finished
[12:46:23] getJobUpdate start
[12:46:23] getJobUpdate finished
[12:46:23] getJobUpdate start
[12:46:24] getJobUpdate finished
[12:46:24] getJobUpdate start
[12:46:24] getJobUpdate finished
[12:46:24] getJobUpdate start
[12:46:24] getJobUpdate finished
[12:46:25] getJobUpdate start
[12:46:25] getJobUpdate finished
[12:46:25] getJobUpdate start
[12:46:25] getJobUpdate finished
[12:46:26] getJobUpdate start
[12:46:26] getJobUpdate finished
[12:46:26] getJobUpdate start
[12:46:26] getJobUpdate finished
[12:46:27] getJobUpdate start
[12:46:27] getJobUpdate finished
[12:46:27] getJobUpdate start
[12:46:27] getJobUpdate finished
[12:46:28] getJobUpdate start
[12:46:28] getJobUpdate finished
[12:46:28] getJobUpdate start
[12:46:28] getJobUpdate finished
[12:46:29] getJobUpdate start
[12:46:29] getJobUpdate finished
[12:46:29] getJobUpdate start
[12:46:29] getJobUpdate finished
[12:46:29] getJobUpdate start
[12:46:30] getJobUpdate finished
[12:46:30] getJobUpdate start
[12:46:30] getJobUpdate finished
[12:46:30] getJobUpdate start
[12:46:30] getJobUpdate finished
[12:46:31] getJobUpdate start
[12:46:31] getJobUpdate finished
[12:46:31] getJobUpdate start
[12:46:31] getJobUpdate finished
[12:46:32] getJobUpdate start
[12:46:32] getJobUpdate finished
[12:46:32] getJobUpdate start
[12:46:32] getJobUpdate finished
[12:46:33] getJobUpdate start
[12:46:33] getJobUpdate finished
[12:46:33] getJobUpdate start
[12:46:33] getJobUpdate finished
[12:46:34] getJobUpdate start
[12:46:34] getJobUpdate finished
[12:46:34] getJobUpdate start
[12:46:34] getJobUpdate finished
[12:46:35] getJobUpdate start
[12:46:35] getJobUpdate finished
[12:46:35] getJobUpdate start
[12:46:35] getJobUpdate finished
[12:46:36] getJobUpdate start
[12:46:36] getJobUpdate finished
[12:46:36] getJobUpdate start
[12:46:36] getJobUpdate finished
[12:46:37] getJobUpdate start
[12:46:37] getJobUpdate finished
[12:46:37] getJobUpdate start
[12:46:37] getJobUpdate finished
[12:46:38] getJobUpdate start
[12:46:38] getJobUpdate finished
[12:46:38] getJobUpdate start
[12:46:38] getJobUpdate finished
[12:46:39] getJobUpdate start
[12:46:39] getJobUpdate finished
[12:46:39] getJobUpdate start
[12:46:39] getJobUpdate finished
[12:46:40] getJobUpdate start
[12:46:40] getJobUpdate finished
[12:46:40] getJobUpdate start
[12:46:40] getJobUpdate finished
[12:46:41] getJobUpdate start
[12:46:41] getJobUpdate finished
[12:46:41] getJobUpdate start
[12:46:41] getJobUpdate finished
[12:46:42] getJobUpdate start
[12:46:42] getJobUpdate finished
[12:46:42] getJobUpdate start
[12:46:42] getJobUpdate finished
[12:46:43] getJobUpdate start
[12:46:43] getJobUpdate finished
[12:46:43] getJobUpdate start
[12:46:43] getJobUpdate finished
[12:46:44] getJobUpdate start
[12:46:44] getJobUpdate finished
[12:46:44] getJobUpdate start
[12:46:44] getJobUpdate finished
[12:46:45] getJobUpdate start
[12:46:45] getJobUpdate finished
[12:46:45] getJobUpdate start
[12:46:45] getJobUpdate finished
[12:46:45] getJobUpdate start
[12:46:46] getJobUpdate finished
[12:46:46] getJobUpdate start
[12:46:46] getJobUpdate finished
[12:46:46] getJobUpdate start
[12:46:46] getJobUpdate finished
[12:46:47] getJobUpdate start
[12:46:47] getJobUpdate finished
[12:46:47] getJobUpdate start
[12:46:47] getJobUpdate finished
[12:46:48] getJobUpdate start
[12:46:48] getJobUpdate finished
[12:46:48] getJobUpdate start
[12:46:48] getJobUpdate finished
[12:46:49] getJobUpdate start
[12:46:49] getJobUpdate finished
[12:46:49] getJobUpdate start
[12:46:49] getJobUpdate finished
[12:46:50] getJobUpdate start
[12:46:50] getJobUpdate finished
[12:46:50] getJobUpdate start
[12:46:50] getJobUpdate finished
[12:46:51] getJobUpdate start
[12:46:51] getJobUpdate finished
[12:46:51] getJobUpdate start
[12:46:51] getJobUpdate finished
[12:46:52] getJobUpdate start
[12:46:52] getJobUpdate finished
[12:46:52] getJobUpdate start
[12:46:52] getJobUpdate finished
[12:46:53] getJobUpdate start
[12:46:53] getJobUpdate finished
[12:46:53] getJobUpdate start
[12:46:53] getJobUpdate finished
[12:46:54] getJobUpdate start
[12:46:54] getJobUpdate finished
[12:46:54] getJobUpdate start
[12:46:54] getJobUpdate finished
[12:46:55] getJobUpdate start
[12:46:55] getJobUpdate finished
[12:46:55] getJobUpdate start
[12:46:55] getJobUpdate finished
[12:46:56] getJobUpdate start
[12:46:56] getJobUpdate finished
[12:46:56] getJobUpdate start
[12:46:56] getJobUpdate finished
[12:46:57] getJobUpdate start
[12:46:57] getJobUpdate finished
[12:46:57] getJobUpdate start
[12:46:57] getJobUpdate finished
[12:46:58] getJobUpdate start
[12:46:58] getJobUpdate finished
[12:46:58] getJobUpdate start
[12:46:58] getJobUpdate finished
[12:46:59] getJobUpdate start
[12:46:59] getJobUpdate finished
[12:46:59] getJobUpdate start
[12:46:59] getJobUpdate finished
[12:47:00] getJobUpdate start
[12:47:00] getJobUpdate finished
[12:47:00] getJobUpdate start
[12:47:00] getJobUpdate finished
[12:47:01] getJobUpdate start
[12:47:01] getJobUpdate finished
[12:47:01] getJobUpdate start
[12:47:01] getJobUpdate finished
[12:47:02] getJobUpdate start
[12:47:02] getJobUpdate finished
[12:47:02] getJobUpdate start
[12:47:02] getJobUpdate finished
[12:47:03] getJobUpdate start
[12:47:03] getJobUpdate finished
[12:47:03] getJobUpdate start
[12:47:03] getJobUpdate finished
[12:47:04] getJobUpdate start
[12:47:04] getJobUpdate finished
[12:47:04] getJobUpdate start
[12:47:04] getJobUpdate finished
[12:47:05] getJobUpdate start
[12:47:05] getJobUpdate finished
[12:47:05] getJobUpdate start
[12:47:05] getJobUpdate finished
[12:47:06] getJobUpdate start
[12:47:06] getJobUpdate finished
[12:47:06] getJobUpdate start
[12:47:06] getJobUpdate finished
[12:47:07] getJobUpdate start
[12:47:07] getJobUpdate finished
[12:47:07] getJobUpdate start
[12:47:08] getJobUpdate finished
[12:47:08] getJobUpdate start
[12:47:08] getJobUpdate finished
[12:47:08] getJobUpdate start
[12:47:09] getJobUpdate finished
[12:47:09] getJobUpdate start
[12:47:09] getJobUpdate finished
[12:47:10] getJobUpdate start
[12:47:10] getJobUpdate finished
[12:47:10] getJobUpdate start
[12:47:10] getJobUpdate finished
[12:47:11] getJobUpdate start
[12:47:11] getJobUpdate finished
[12:47:11] getJobUpdate start
[12:47:11] getJobUpdate finished
[12:47:12] getJobUpdate start
[12:47:12] getJobUpdate finished
[12:47:12] getJobUpdate start
[12:47:12] getJobUpdate finished
[12:47:13] getJobUpdate start
[12:47:13] getJobUpdate finished
[12:47:13] getJobUpdate start
[12:47:13] getJobUpdate finished
[12:47:14] getJobUpdate start
[12:47:14] getJobUpdate finished
[12:47:14] getJobUpdate start
[12:47:14] getJobUpdate finished
[12:47:15] getJobUpdate start
[12:47:15] getJobUpdate finished
[12:47:15] getJobUpdate start
[12:47:15] getJobUpdate finished
[12:47:16] getJobUpdate start
[12:47:16] getJobUpdate finished
[12:47:16] getJobUpdate start
[12:47:16] getJobUpdate finished
[12:47:17] getJobUpdate start
[12:47:17] getJobUpdate finished
[12:47:17] getJobUpdate start
[12:47:17] getJobUpdate finished
[12:47:18] getJobUpdate start
[12:47:18] getJobUpdate finished
[12:47:18] getJobUpdate start
[12:47:18] getJobUpdate finished
[12:47:19] getJobUpdate start
[12:47:19] getJobUpdate finished
[12:47:19] getJobUpdate start
[12:47:20] getJobUpdate finished
[12:47:20] getJobUpdate start
[12:47:20] getJobUpdate finished
[12:47:21] getJobUpdate start
[12:47:21] getJobUpdate finished
[12:47:21] getJobUpdate start
[12:47:21] getJobUpdate finished
[12:47:22] getJobUpdate start
[12:47:22] getJobUpdate finished
[12:47:22] getJobUpdate start
[12:47:22] getJobUpdate finished
[12:47:23] getJobUpdate start
[12:47:23] getJobUpdate finished
[12:47:23] getJobUpdate start
[12:47:23] getJobUpdate finished
[12:47:24] getJobUpdate start
[12:47:24] getJobUpdate finished
[12:47:24] getJobUpdate start
[12:47:24] getJobUpdate finished
[12:47:25] getJobUpdate start
[12:47:25] getJobUpdate finished
[12:47:25] getJobUpdate start
[12:47:26] getJobUpdate finished
[12:47:26] getJobUpdate start
[12:47:26] getJobUpdate finished
[12:47:27] getJobUpdate start
[12:47:27] getJobUpdate finished
[12:47:27] getJobUpdate start
[12:47:27] getJobUpdate finished
[12:47:28] getJobUpdate start
[12:47:28] getJobUpdate finished
[12:47:28] getJobUpdate start
[12:47:28] getJobUpdate finished
[12:47:29] getJobUpdate start
[12:47:29] getJobUpdate finished
[12:47:30] getJobUpdate start
[12:47:30] getJobUpdate finished
[12:47:30] getJobUpdate start
[12:47:30] getJobUpdate finished
[12:47:31] getJobUpdate start
[12:47:31] getJobUpdate finished
[12:47:32] setup/Design 1/Scenario 1 solver finished at Wed Dec 30 12:47:32 2020 on C940 with code = 0
[12:47:32] Analysis::importSolverFiles = 0.012 sec
